mode: set
bitbucket.org/ayopop/ct-logger/logger/logger_impl.go:22.49,25.2 2 0
bitbucket.org/ayopop/ct-logger/logger/logger_impl.go:27.36,30.94 2 1
bitbucket.org/ayopop/ct-logger/logger/logger_impl.go:30.94,39.3 1 1
bitbucket.org/ayopop/ct-logger/logger/logger_impl.go:39.8,48.3 1 1
bitbucket.org/ayopop/ct-logger/logger/logger_impl.go:51.35,61.2 2 1
bitbucket.org/ayopop/ct-logger/logger/logger_impl.go:63.35,73.2 2 1
bitbucket.org/ayopop/ct-logger/logger/logger_impl.go:75.36,85.2 2 1
bitbucket.org/ayopop/ct-logger/logger/logger_impl.go:87.36,97.2 2 0
bitbucket.org/ayopop/ct-logger/logger/logger_impl.go:99.36,109.2 2 0
bitbucket.org/ayopop/ct-logger/logger/logger_impl.go:111.61,117.94 3 1
bitbucket.org/ayopop/ct-logger/logger/logger_impl.go:117.94,126.3 1 1
bitbucket.org/ayopop/ct-logger/logger/logger_impl.go:126.8,135.3 1 1
bitbucket.org/ayopop/ct-logger/logger/logger_impl.go:138.60,152.2 3 1
bitbucket.org/ayopop/ct-logger/logger/logger_impl.go:154.60,168.2 3 1
bitbucket.org/ayopop/ct-logger/logger/logger_impl.go:170.61,184.2 3 1
bitbucket.org/ayopop/ct-logger/logger/logger_impl.go:186.61,200.2 3 0
bitbucket.org/ayopop/ct-logger/logger/logger_impl.go:202.61,216.2 3 0
bitbucket.org/ayopop/ct-logger/logger/logger_impl.go:217.50,219.20 1 1
bitbucket.org/ayopop/ct-logger/logger/logger_impl.go:223.2,224.16 2 1
bitbucket.org/ayopop/ct-logger/logger/logger_impl.go:228.2,242.16 2 1
bitbucket.org/ayopop/ct-logger/logger/logger_impl.go:245.2,251.3 2 1
bitbucket.org/ayopop/ct-logger/logger/logger_impl.go:219.20,221.3 1 0
bitbucket.org/ayopop/ct-logger/logger/logger_impl.go:224.16,226.3 1 0
bitbucket.org/ayopop/ct-logger/logger/logger_impl.go:242.16,244.3 1 0
